{"numFailedTestSuites":0,"numFailedTests":0,"numPassedTestSuites":1,"numPassedTests":2,"numPendingTestSuites":0,"numPendingTests":0,"numRuntimeErrorTestSuites":0,"numTotalTestSuites":1,"numTotalTests":2,"snapshot":{"added":0,"didUpdate":false,"failure":false,"filesAdded":0,"filesRemoved":0,"filesUnmatched":0,"filesUpdated":0,"matched":0,"total":0,"unchecked":0,"unmatched":0,"updated":0},"startTime":1517354327426,"success":true,"testResults":[{"assertionResults":[{"failureMessages":[],"status":"passed","title":"Tracker s'affiche correctement"},{"failureMessages":[],"status":"passed","title":"Tracker se comporte correctement"}],"endTime":1517354329311,"message":"","name":"D:\\Projets\\front-template\\src\\components\\Tracker\\__tests__\\Tracker.test.tsx","startTime":1517354328822,"status":"passed","summary":""}],"wasInterrupted":false}